<?xml version="1.0" encoding="UTF-8"?>
<!-- Generated by org.testng.reporters.JUnitXMLReporter -->
<testsuite hostname="Divya" ignored="0" name="Test" tests="5" failures="0" timestamp="2022-05-22T23:18:34 IST" time="8.445" errors="0">
  <testcase name="testCase6" time="3.137" classname="org.testing.testScripts.TC6_RealTime_Post"/>
  <testcase name="testCase8" time="1.294" classname="org.testing.testScripts.TC8_RealTime_GetAll"/>
  <testcase name="testCase10" time="1.242" classname="org.testing.testScripts.TC10_RealTime_Delete"/>
  <testcase name="testCase7" time="1.447" classname="org.testing.testScripts.TC7_RealTime_Get"/>
  <testcase name="testCase9" time="1.292" classname="org.testing.testScripts.TC9_RealTime_Put"/>
</testsuite> <!-- Test -->
