<?xml version="1.0" encoding="UTF-8"?>
<!-- Generated by org.testng.reporters.JUnitXMLReporter -->
<testsuite hostname="JBCVKJ-PC" ignored="0" name="Test" tests="5" failures="0" timestamp="2022-05-13T17:30:24 IST" time="12.454" errors="0">
  <testcase name="testCase6" time="6.198" classname="org.testing.testScripts.TC6_RealTime_Post"/>
  <testcase name="testCase8" time="1.258" classname="org.testing.testScripts.TC8_RealTime_GetAll"/>
  <testcase name="testCase10" time="1.165" classname="org.testing.testScripts.TC10_RealTime_Delete"/>
  <testcase name="testCase7" time="2.611" classname="org.testing.testScripts.TC7_RealTime_Get"/>
  <testcase name="testCase9" time="1.143" classname="org.testing.testScripts.TC9_RealTime_Put"/>
</testsuite> <!-- Test -->
