<?xml version="1.0" encoding="UTF-8"?>
<!-- Generated by org.testng.reporters.JUnitXMLReporter -->
<testsuite hostname="JBCVKJ-PC" ignored="0" name="Test" tests="9" failures="0" timestamp="2022-05-13T12:27:34 IST" time="34.849" errors="0">
  <testcase name="testCase1" time="28.111" classname="org.testing.testScripts.TC1_PostReq"/>
  <testcase name="testCase2" time="1.538" classname="org.testing.testScripts.TC2_GetRequest"/>
  <testcase name="testCase3" time="0.107" classname="org.testing.testScripts.TC3_GetAllReq"/>
  <testcase name="testCase4" time="0.152" classname="org.testing.testScripts.TC4_PutRequest"/>
  <testcase name="testCase5" time="0.072" classname="org.testing.testScripts.TC5_DeleteRequest"/>
  <testcase name="testCase6" time="1.381" classname="org.testing.testScripts.TC6_RealTime_Post"/>
  <testcase name="testCase7" time="1.193" classname="org.testing.testScripts.TC7_RealTime_Get"/>
  <testcase name="testCase8" time="1.182" classname="org.testing.testScripts.TC8_RealTime_GetAll"/>
  <testcase name="testCase9" time="1.022" classname="org.testing.testScripts.TC9_RealTime_Put"/>
</testsuite> <!-- Test -->
