<?xml version="1.0" encoding="UTF-8"?>
<testng-results skipped="0" failed="0" ignored="0" total="5" passed="5">
  <reporter-output>
  </reporter-output>
  <suite name="Suite" duration-ms="9772" started-at="2022-05-22T23:21:14 IST" finished-at="2022-05-22T23:21:24 IST">
    <groups>
    </groups>
    <test name="Test" duration-ms="9772" started-at="2022-05-22T23:21:14 IST" finished-at="2022-05-22T23:21:24 IST">
      <class name="org.testing.testScripts.TC10_RealTime_Delete">
        <test-method status="PASS" signature="testCase10()[pri:0, instance:org.testing.testScripts.TC10_RealTime_Delete@544fe44c]" name="testCase10" duration-ms="1161" started-at="2022-05-22T23:21:20 IST" finished-at="2022-05-22T23:21:21 IST">
          <reporter-output>
          </reporter-output>
        </test-method> <!-- testCase10 -->
      </class> <!-- org.testing.testScripts.TC10_RealTime_Delete -->
      <class name="org.testing.testScripts.TC8_RealTime_GetAll">
        <test-method status="PASS" signature="testCase8()[pri:0, instance:org.testing.testScripts.TC8_RealTime_GetAll@31dc339b]" name="testCase8" duration-ms="1673" started-at="2022-05-22T23:21:18 IST" finished-at="2022-05-22T23:21:20 IST">
          <reporter-output>
          </reporter-output>
        </test-method> <!-- testCase8 -->
      </class> <!-- org.testing.testScripts.TC8_RealTime_GetAll -->
      <class name="org.testing.testScripts.TC7_RealTime_Get">
        <test-method status="PASS" signature="testCase7()[pri:0, instance:org.testing.testScripts.TC7_RealTime_Get@31610302]" name="testCase7" duration-ms="1602" started-at="2022-05-22T23:21:21 IST" finished-at="2022-05-22T23:21:23 IST">
          <reporter-output>
          </reporter-output>
        </test-method> <!-- testCase7 -->
      </class> <!-- org.testing.testScripts.TC7_RealTime_Get -->
      <class name="org.testing.testScripts.TC6_RealTime_Post">
        <test-method status="PASS" signature="testCase6()[pri:0, instance:org.testing.testScripts.TC6_RealTime_Post@64bfbc86]" name="testCase6" duration-ms="4265" started-at="2022-05-22T23:21:14 IST" finished-at="2022-05-22T23:21:18 IST">
          <reporter-output>
          </reporter-output>
        </test-method> <!-- testCase6 -->
      </class> <!-- org.testing.testScripts.TC6_RealTime_Post -->
      <class name="org.testing.testScripts.TC9_RealTime_Put">
        <test-method status="PASS" signature="testCase9()[pri:0, instance:org.testing.testScripts.TC9_RealTime_Put@71318ec4]" name="testCase9" duration-ms="1047" started-at="2022-05-22T23:21:23 IST" finished-at="2022-05-22T23:21:24 IST">
          <reporter-output>
          </reporter-output>
        </test-method> <!-- testCase9 -->
      </class> <!-- org.testing.testScripts.TC9_RealTime_Put -->
    </test> <!-- Test -->
  </suite> <!-- Suite -->
</testng-results>
